<?xml version="1.0" encoding="UTF-8"?>
<testsuite xmlns:xsi="http://www.w3.org/2001/XMLSchema-instance" xsi:noNamespaceSchemaLocation="https://maven.apache.org/surefire/maven-surefire-plugin/xsd/surefire-test-report-3.0.xsd" version="3.0" name="com.telecombridge.common.diameter.DiameterCodecTest" time="0.317" tests="21" errors="0" skipped="0" failures="0">
  <properties>
[...]
</properties>
  <testcase name="testCcaRoundTrip" classname="com.telecombridge.common.diameter.DiameterCodecTest" time="0.199">
    <system-out><![CDATA[23:10:04.641 [main] DEBUG io.netty.util.internal.logging.InternalLoggerFactory -- Using SLF4J as the default logging framework
23:10:04.656 [main] DEBUG io.netty.util.ResourceLeakDetector -- -Dio.netty.leakDetection.level: simple
23:10:04.656 [main] DEBUG io.netty.util.ResourceLeakDetector -- -Dio.netty.leakDetection.targetRecords: 4
23:10:04.657 [main] DEBUG io.netty.util.internal.PlatformDependent0 -- -Dio.netty.noUnsafe: false
23:10:04.657 [main] DEBUG io.netty.util.internal.PlatformDependent0 -- Java version: 17
23:10:04.657 [main] DEBUG io.netty.util.internal.PlatformDependent0 -- sun.misc.Unsafe.theUnsafe: available
23:10:04.673 [main] DEBUG io.netty.util.internal.PlatformDependent0 -- sun.misc.Unsafe.copyMemory: available
23:10:04.674 [main] DEBUG io.netty.util.internal.PlatformDependent0 -- sun.misc.Unsafe.storeFence: available
23:10:04.674 [main] DEBUG io.netty.util.internal.PlatformDependent0 -- java.nio.Buffer.address: available
23:10:04.674 [main] DEBUG io.netty.util.internal.PlatformDependent0 -- direct buffer constructor: unavailable: Reflective setAccessible(true) disabled
23:10:04.674 [main] DEBUG io.netty.util.internal.PlatformDependent0 -- java.nio.Bits.unaligned: available, true
23:10:04.674 [main] DEBUG io.netty.util.internal.PlatformDependent0 -- jdk.internal.misc.Unsafe.allocateUninitializedArray(int): unavailable: class io.netty.util.internal.PlatformDependent0$7 cannot access class jdk.internal.misc.Unsafe (in module java.base) because module java.base does not export jdk.internal.misc to unnamed module @289d1c02
23:10:04.674 [main] DEBUG io.netty.util.internal.PlatformDependent0 -- java.nio.DirectByteBuffer.<init>(long, {int,long}): unavailable
23:10:04.674 [main] DEBUG io.netty.util.internal.PlatformDependent -- sun.misc.Unsafe: available
23:10:04.674 [main] DEBUG io.netty.util.internal.PlatformDependent -- -Dio.netty.tmpdir: C:\Users\dvvte\AppData\Local\Temp (java.io.tmpdir)
23:10:04.674 [main] DEBUG io.netty.util.internal.PlatformDependent -- -Dio.netty.bitMode: 64 (sun.arch.data.model)
23:10:04.674 [main] DEBUG io.netty.util.internal.PlatformDependent -- Platform: Windows
23:10:04.674 [main] DEBUG io.netty.util.internal.PlatformDependent -- -Dio.netty.maxDirectMemory: -1 bytes
23:10:04.674 [main] DEBUG io.netty.util.internal.PlatformDependent -- -Dio.netty.uninitializedArrayAllocationThreshold: -1
23:10:04.674 [main] DEBUG io.netty.util.internal.CleanerJava9 -- java.nio.ByteBuffer.cleaner(): available
23:10:04.674 [main] DEBUG io.netty.util.internal.PlatformDependent -- -Dio.netty.noPreferDirect: false
23:10:04.674 [main] DEBUG io.netty.buffer.AbstractByteBuf -- -Dio.netty.buffer.checkAccessible: true
23:10:04.674 [main] DEBUG io.netty.buffer.AbstractByteBuf -- -Dio.netty.buffer.checkBounds: true
23:10:04.674 [main] DEBUG io.netty.util.ResourceLeakDetectorFactory -- Loaded default ResourceLeakDetector: io.netty.util.ResourceLeakDetector@2d52216b
]]></system-out>
  </testcase>
  <testcase name="testCcrRoundTrip" classname="com.telecombridge.common.diameter.DiameterCodecTest" time="0.0"/>
  <testcase name="testUint64Roundtrip" classname="com.telecombridge.common.diameter.DiameterCodecTest" time="0.0"/>
  <testcase name="testUtf8Roundtrip" classname="com.telecombridge.common.diameter.DiameterCodecTest" time="0.0"/>
  <testcase name="testCerRoundTrip" classname="com.telecombridge.common.diameter.DiameterCodecTest" time="0.017"/>
  <testcase name="testAvpPadding(int)[1]" classname="com.telecombridge.common.diameter.DiameterCodecTest" time="0.017"/>
  <testcase name="testAvpPadding(int)[2]" classname="com.telecombridge.common.diameter.DiameterCodecTest" time="0.016"/>
  <testcase name="testAvpPadding(int)[3]" classname="com.telecombridge.common.diameter.DiameterCodecTest" time="0.0"/>
  <testcase name="testAvpPadding(int)[4]" classname="com.telecombridge.common.diameter.DiameterCodecTest" time="0.0"/>
  <testcase name="testAvpPadding(int)[5]" classname="com.telecombridge.common.diameter.DiameterCodecTest" time="0.0"/>
  <testcase name="testAvpPadding(int)[6]" classname="com.telecombridge.common.diameter.DiameterCodecTest" time="0.0"/>
  <testcase name="testAvpPadding(int)[7]" classname="com.telecombridge.common.diameter.DiameterCodecTest" time="0.0"/>
  <testcase name="testAvpPadding(int)[8]" classname="com.telecombridge.common.diameter.DiameterCodecTest" time="0.0"/>
  <testcase name="testAvpPadding(int)[9]" classname="com.telecombridge.common.diameter.DiameterCodecTest" time="0.0"/>
  <testcase name="testAvpPadding(int)[10]" classname="com.telecombridge.common.diameter.DiameterCodecTest" time="0.001"/>
  <testcase name="testAvpPadding(int)[11]" classname="com.telecombridge.common.diameter.DiameterCodecTest" time="0.0"/>
  <testcase name="testPeekMessageLength" classname="com.telecombridge.common.diameter.DiameterCodecTest" time="0.0"/>
  <testcase name="testConcatenatedMessages" classname="com.telecombridge.common.diameter.DiameterCodecTest" time="0.0"/>
  <testcase name="testHeaderByteLayout" classname="com.telecombridge.common.diameter.DiameterCodecTest" time="0.0"/>
  <testcase name="testGroupedAvpRoundTrip" classname="com.telecombridge.common.diameter.DiameterCodecTest" time="0.017"/>
  <testcase name="testUint32Roundtrip" classname="com.telecombridge.common.diameter.DiameterCodecTest" time="0.0"/>
</testsuite>